<?xml version="1.0" encoding="UTF-8"?>
<coverage generated="1784027725356" clover="3.2.0">
  <project timestamp="1784027725356" name="All files">
    <metrics statements="48" coveredstatements="46" conditionals="30" coveredconditionals="25" methods="26" coveredmethods="26" elements="104" coveredelements="97" complexity="0" loc="48" ncloc="48" packages="3" files="22" classes="22"/>
    <package name="assets">
      <metrics statements="0" coveredstatements="0" conditionals="0" coveredconditionals="0" methods="0" coveredmethods="0"/>
      <file name="banner-about.jpg" path="C:\Users\eurotherm\Downloads\formation_Testeur_logiciel\Projet_8\Kasa\src\assets\banner-about.jpg">
        <metrics statements="0" coveredstatements="0" conditionals="0" coveredconditionals="0" methods="0" coveredmethods="0"/>
      </file>
      <file name="banner-home.jpg" path="C:\Users\eurotherm\Downloads\formation_Testeur_logiciel\Projet_8\Kasa\src\assets\banner-home.jpg">
        <metrics statements="0" coveredstatements="0" conditionals="0" coveredconditionals="0" methods="0" coveredmethods="0"/>
      </file>
    </package>
    <package name="components">
      <metrics statements="24" coveredstatements="23" conditionals="24" coveredconditionals="20" methods="12" coveredmethods="12"/>
      <file name="Banner.jsx" path="C:\Users\eurotherm\Downloads\formation_Testeur_logiciel\Projet_8\Kasa\src\components\Banner.jsx">
        <metrics statements="1" coveredstatements="1" conditionals="2" coveredconditionals="2" methods="1" coveredmethods="1"/>
        <line num="5" count="11" type="stmt"/>
      </file>
      <file name="Banner.module.css" path="C:\Users\eurotherm\Downloads\formation_Testeur_logiciel\Projet_8\Kasa\src\components\Banner.module.css">
        <metrics statements="0" coveredstatements="0" conditionals="0" coveredconditionals="0" methods="0" coveredmethods="0"/>
      </file>
      <file name="Card.jsx" path="C:\Users\eurotherm\Downloads\formation_Testeur_logiciel\Projet_8\Kasa\src\components\Card.jsx">
        <metrics statements="1" coveredstatements="1" conditionals="0" coveredconditionals="0" methods="1" coveredmethods="1"/>
        <line num="5" count="6" type="stmt"/>
      </file>
      <file name="Card.module.css" path="C:\Users\eurotherm\Downloads\formation_Testeur_logiciel\Projet_8\Kasa\src\components\Card.module.css">
        <metrics statements="0" coveredstatements="0" conditionals="0" coveredconditionals="0" methods="0" coveredmethods="0"/>
      </file>
      <file name="Collapse.jsx" path="C:\Users\eurotherm\Downloads\formation_Testeur_logiciel\Projet_8\Kasa\src\components\Collapse.jsx">
        <metrics statements="8" coveredstatements="8" conditionals="12" coveredconditionals="11" methods="3" coveredmethods="3"/>
        <line num="5" count="33" type="stmt"/>
        <line num="6" count="33" type="stmt"/>
        <line num="7" count="33" type="stmt"/>
        <line num="8" count="30" type="cond" truecount="4" falsecount="0"/>
        <line num="9" count="6" type="stmt"/>
        <line num="13" count="33" type="stmt"/>
        <line num="14" count="3" type="stmt"/>
        <line num="17" count="33" type="stmt"/>
      </file>
      <file name="Collapse.module.css" path="C:\Users\eurotherm\Downloads\formation_Testeur_logiciel\Projet_8\Kasa\src\components\Collapse.module.css">
        <metrics statements="0" coveredstatements="0" conditionals="0" coveredconditionals="0" methods="0" coveredmethods="0"/>
      </file>
      <file name="Footer.jsx" path="C:\Users\eurotherm\Downloads\formation_Testeur_logiciel\Projet_8\Kasa\src\components\Footer.jsx">
        <metrics statements="1" coveredstatements="1" conditionals="0" coveredconditionals="0" methods="1" coveredmethods="1"/>
        <line num="4" count="2" type="stmt"/>
      </file>
      <file name="Footer.module.css" path="C:\Users\eurotherm\Downloads\formation_Testeur_logiciel\Projet_8\Kasa\src\components\Footer.module.css">
        <metrics statements="0" coveredstatements="0" conditionals="0" coveredconditionals="0" methods="0" coveredmethods="0"/>
      </file>
      <file name="Header.jsx" path="C:\Users\eurotherm\Downloads\formation_Testeur_logiciel\Projet_8\Kasa\src\components\Header.jsx">
        <metrics statements="3" coveredstatements="3" conditionals="4" coveredconditionals="2" methods="3" coveredmethods="3"/>
        <line num="5" count="4" type="stmt"/>
        <line num="17" count="4" type="cond" truecount="1" falsecount="1"/>
        <line num="23" count="4" type="cond" truecount="1" falsecount="1"/>
      </file>
      <file name="Header.module.css" path="C:\Users\eurotherm\Downloads\formation_Testeur_logiciel\Projet_8\Kasa\src\components\Header.module.css">
        <metrics statements="0" coveredstatements="0" conditionals="0" coveredconditionals="0" methods="0" coveredmethods="0"/>
      </file>
      <file name="Slideshow.jsx" path="C:\Users\eurotherm\Downloads\formation_Testeur_logiciel\Projet_8\Kasa\src\components\Slideshow.jsx">
        <metrics statements="10" coveredstatements="9" conditionals="6" coveredconditionals="5" methods="3" coveredmethods="3"/>
        <line num="6" count="14" type="stmt"/>
        <line num="9" count="14" type="stmt"/>
        <line num="10" count="1" type="cond" truecount="1" falsecount="1"/>
        <line num="11" count="1" type="stmt"/>
        <line num="13" count="0" type="stmt"/>
        <line num="18" count="14" type="stmt"/>
        <line num="19" count="4" type="cond" truecount="2" falsecount="0"/>
        <line num="20" count="1" type="stmt"/>
        <line num="22" count="3" type="stmt"/>
        <line num="26" count="14" type="stmt"/>
      </file>
      <file name="Slideshow.module.css" path="C:\Users\eurotherm\Downloads\formation_Testeur_logiciel\Projet_8\Kasa\src\components\Slideshow.module.css">
        <metrics statements="0" coveredstatements="0" conditionals="0" coveredconditionals="0" methods="0" coveredmethods="0"/>
      </file>
    </package>
    <package name="pages">
      <metrics statements="24" coveredstatements="23" conditionals="6" coveredconditionals="5" methods="14" coveredmethods="14"/>
      <file name="About.jsx" path="C:\Users\eurotherm\Downloads\formation_Testeur_logiciel\Projet_8\Kasa\src\pages\About.jsx">
        <metrics statements="1" coveredstatements="1" conditionals="0" coveredconditionals="0" methods="1" coveredmethods="1"/>
        <line num="7" count="5" type="stmt"/>
      </file>
      <file name="About.module.css" path="C:\Users\eurotherm\Downloads\formation_Testeur_logiciel\Projet_8\Kasa\src\pages\About.module.css">
        <metrics statements="0" coveredstatements="0" conditionals="0" coveredconditionals="0" methods="0" coveredmethods="0"/>
      </file>
      <file name="Error.jsx" path="C:\Users\eurotherm\Downloads\formation_Testeur_logiciel\Projet_8\Kasa\src\pages\Error.jsx">
        <metrics statements="1" coveredstatements="1" conditionals="0" coveredconditionals="0" methods="1" coveredmethods="1"/>
        <line num="5" count="4" type="stmt"/>
      </file>
      <file name="Error.module.css" path="C:\Users\eurotherm\Downloads\formation_Testeur_logiciel\Projet_8\Kasa\src\pages\Error.module.css">
        <metrics statements="0" coveredstatements="0" conditionals="0" coveredconditionals="0" methods="0" coveredmethods="0"/>
      </file>
      <file name="Home.jsx" path="C:\Users\eurotherm\Downloads\formation_Testeur_logiciel\Projet_8\Kasa\src\pages\Home.jsx">
        <metrics statements="7" coveredstatements="7" conditionals="0" coveredconditionals="0" methods="5" coveredmethods="5"/>
        <line num="9" count="3" type="stmt"/>
        <line num="12" count="3" type="stmt"/>
        <line num="13" count="2" type="stmt"/>
        <line num="14" count="2" type="stmt"/>
        <line num="15" count="2" type="stmt"/>
        <line num="18" count="3" type="stmt"/>
        <line num="28" count="2" type="stmt"/>
      </file>
      <file name="Home.module.css" path="C:\Users\eurotherm\Downloads\formation_Testeur_logiciel\Projet_8\Kasa\src\pages\Home.module.css">
        <metrics statements="0" coveredstatements="0" conditionals="0" coveredconditionals="0" methods="0" coveredmethods="0"/>
      </file>
      <file name="Property.jsx" path="C:\Users\eurotherm\Downloads\formation_Testeur_logiciel\Projet_8\Kasa\src\pages\Property.jsx">
        <metrics statements="15" coveredstatements="14" conditionals="6" coveredconditionals="5" methods="7" coveredmethods="7"/>
        <line num="9" count="7" type="stmt"/>
        <line num="12" count="7" type="stmt"/>
        <line num="15" count="7" type="stmt"/>
        <line num="16" count="7" type="stmt"/>
        <line num="19" count="7" type="stmt"/>
        <line num="20" count="4" type="stmt"/>
        <line num="23" count="4" type="cond" truecount="1" falsecount="1"/>
        <line num="24" count="0" type="stmt"/>
        <line num="26" count="4" type="stmt"/>
        <line num="28" count="4" type="stmt"/>
        <line num="32" count="7" type="cond" truecount="2" falsecount="0"/>
        <line num="34" count="3" type="stmt"/>
        <line num="51" count="6" type="stmt"/>
        <line num="66" count="15" type="cond" truecount="2" falsecount="0"/>
        <line num="87" count="6" type="stmt"/>
      </file>
      <file name="Property.module.css" path="C:\Users\eurotherm\Downloads\formation_Testeur_logiciel\Projet_8\Kasa\src\pages\Property.module.css">
        <metrics statements="0" coveredstatements="0" conditionals="0" coveredconditionals="0" methods="0" coveredmethods="0"/>
      </file>
    </package>
  </project>
</coverage>
