<?xml version="1.0" encoding="UTF-8"?>
<coverage generated="1783295463528" clover="3.2.0">
  <project timestamp="1783295463528" name="All files">
    <metrics statements="4" coveredstatements="4" conditionals="4" coveredconditionals="4" methods="3" coveredmethods="3" elements="11" coveredelements="11" complexity="0" loc="4" ncloc="4" packages="1" files="4" classes="4"/>
    <file name="Card.jsx" path="C:\Users\eurotherm\Downloads\formation_Testeur_logiciel\Projet_8\Kasa\src\components\Card.jsx">
      <metrics statements="1" coveredstatements="1" conditionals="0" coveredconditionals="0" methods="1" coveredmethods="1"/>
      <line num="5" count="4" type="stmt"/>
    </file>
    <file name="Card.module.css" path="C:\Users\eurotherm\Downloads\formation_Testeur_logiciel\Projet_8\Kasa\src\components\Card.module.css">
      <metrics statements="0" coveredstatements="0" conditionals="0" coveredconditionals="0" methods="0" coveredmethods="0"/>
    </file>
    <file name="Collapse.jsx" path="C:\Users\eurotherm\Downloads\formation_Testeur_logiciel\Projet_8\Kasa\src\components\Collapse.jsx">
      <metrics statements="3" coveredstatements="3" conditionals="4" coveredconditionals="4" methods="2" coveredmethods="2"/>
      <line num="6" count="7" type="stmt"/>
      <line num="8" count="7" type="stmt"/>
      <line num="11" count="3" type="stmt"/>
    </file>
    <file name="Collapse.module.css" path="C:\Users\eurotherm\Downloads\formation_Testeur_logiciel\Projet_8\Kasa\src\components\Collapse.module.css">
      <metrics statements="0" coveredstatements="0" conditionals="0" coveredconditionals="0" methods="0" coveredmethods="0"/>
    </file>
  </project>
</coverage>
