{"C:\\Users\\eurotherm\\Downloads\\formation_Testeur_logiciel\\Projet_8\\Kasa\\src\\assets\\banner-about.jpg": {"path":"C:\\Users\\eurotherm\\Downloads\\formation_Testeur_logiciel\\Projet_8\\Kasa\\src\\assets\\banner-about.jpg","statementMap":{},"fnMap":{},"branchMap":{},"s":{},"f":{},"b":{},"meta":{"lastBranch":0,"lastFunction":0,"lastStatement":0,"seen":{},"fnNames":{}}}
,"C:\\Users\\eurotherm\\Downloads\\formation_Testeur_logiciel\\Projet_8\\Kasa\\src\\assets\\banner-home.jpg": {"path":"C:\\Users\\eurotherm\\Downloads\\formation_Testeur_logiciel\\Projet_8\\Kasa\\src\\assets\\banner-home.jpg","statementMap":{},"fnMap":{},"branchMap":{},"s":{},"f":{},"b":{},"meta":{"lastBranch":0,"lastFunction":0,"lastStatement":0,"seen":{},"fnNames":{}}}
,"C:\\Users\\eurotherm\\Downloads\\formation_Testeur_logiciel\\Projet_8\\Kasa\\src\\components\\Banner.jsx": {"path":"C:\\Users\\eurotherm\\Downloads\\formation_Testeur_logiciel\\Projet_8\\Kasa\\src\\components\\Banner.jsx","statementMap":{"0":{"start":{"line":5,"column":2},"end":{"line":12,"column":null}}},"fnMap":{"0":{"name":"Banner","decl":{"start":{"line":4,"column":9},"end":{"line":4,"column":16}},"loc":{"start":{"line":4,"column":33},"end":{"line":14,"column":null}},"line":4}},"branchMap":{"0":{"loc":{"start":{"line":11,"column":7},"end":{"line":11,"column":null}},"type":"binary-expr","locations":[{"start":{"line":11,"column":7},"end":{"line":11,"column":15}},{"start":{"line":11,"column":15},"end":{"line":11,"column":null}}],"line":11}},"s":{"0":11},"f":{"0":11},"b":{"0":[11,5]},"meta":{"lastBranch":1,"lastFunction":1,"lastStatement":1,"seen":{"f:4:9:4:16":0,"s:5:2:12:Infinity":0,"b:11:7:11:15:11:15:11:Infinity":0},"fnNames":{}}}
,"C:\\Users\\eurotherm\\Downloads\\formation_Testeur_logiciel\\Projet_8\\Kasa\\src\\components\\Banner.module.css": {"path":"C:\\Users\\eurotherm\\Downloads\\formation_Testeur_logiciel\\Projet_8\\Kasa\\src\\components\\Banner.module.css","statementMap":{},"fnMap":{},"branchMap":{},"s":{},"f":{},"b":{},"meta":{"lastBranch":0,"lastFunction":0,"lastStatement":0,"seen":{},"fnNames":{}}}
,"C:\\Users\\eurotherm\\Downloads\\formation_Testeur_logiciel\\Projet_8\\Kasa\\src\\components\\Card.jsx": {"path":"C:\\Users\\eurotherm\\Downloads\\formation_Testeur_logiciel\\Projet_8\\Kasa\\src\\components\\Card.jsx","statementMap":{"0":{"start":{"line":5,"column":2},"end":{"line":14,"column":null}}},"fnMap":{"0":{"name":"Card","decl":{"start":{"line":4,"column":9},"end":{"line":4,"column":14}},"loc":{"start":{"line":4,"column":36},"end":{"line":16,"column":null}},"line":4}},"branchMap":{},"s":{"0":6},"f":{"0":6},"b":{},"meta":{"lastBranch":0,"lastFunction":1,"lastStatement":1,"seen":{"f:4:9:4:14":0,"s:5:2:14:Infinity":0},"fnNames":{}}}
,"C:\\Users\\eurotherm\\Downloads\\formation_Testeur_logiciel\\Projet_8\\Kasa\\src\\components\\Card.module.css": {"path":"C:\\Users\\eurotherm\\Downloads\\formation_Testeur_logiciel\\Projet_8\\Kasa\\src\\components\\Card.module.css","statementMap":{},"fnMap":{},"branchMap":{},"s":{},"f":{},"b":{},"meta":{"lastBranch":0,"lastFunction":0,"lastStatement":0,"seen":{},"fnNames":{}}}
,"C:\\Users\\eurotherm\\Downloads\\formation_Testeur_logiciel\\Projet_8\\Kasa\\src\\components\\Collapse.jsx": {"path":"C:\\Users\\eurotherm\\Downloads\\formation_Testeur_logiciel\\Projet_8\\Kasa\\src\\components\\Collapse.jsx","statementMap":{"0":{"start":{"line":6,"column":17},"end":{"line":6,"column":null}},"1":{"start":{"line":8,"column":2},"end":{"line":19,"column":null}},"2":{"start":{"line":11,"column":55},"end":{"line":11,"column":null}}},"fnMap":{"0":{"name":"Collapse","decl":{"start":{"line":4,"column":9},"end":{"line":4,"column":18}},"loc":{"start":{"line":4,"column":38},"end":{"line":21,"column":null}},"line":4},"1":{"name":"(anonymous_1)","decl":{"start":{"line":11,"column":40},"end":{"line":11,"column":55}},"loc":{"start":{"line":11,"column":55},"end":{"line":11,"column":null}},"line":11}},"branchMap":{"0":{"loc":{"start":{"line":14,"column":40},"end":{"line":14,"column":65}},"type":"cond-expr","locations":[{"start":{"line":14,"column":49},"end":{"line":14,"column":55}},{"start":{"line":14,"column":55},"end":{"line":14,"column":65}}],"line":14},"1":{"loc":{"start":{"line":18,"column":7},"end":{"line":19,"column":null}},"type":"binary-expr","locations":[{"start":{"line":18,"column":7},"end":{"line":18,"column":17}},{"start":{"line":18,"column":17},"end":{"line":19,"column":null}}],"line":18}},"s":{"0":33,"1":33,"2":3},"f":{"0":33,"1":3},"b":{"0":[2,31],"1":[33,2]},"meta":{"lastBranch":2,"lastFunction":2,"lastStatement":3,"seen":{"f:4:9:4:18":0,"s:6:17:6:Infinity":0,"s:8:2:19:Infinity":1,"f:11:40:11:55":1,"s:11:55:11:Infinity":2,"b:14:49:14:55:14:55:14:65":0,"b:18:7:18:17:18:17:19:Infinity":1},"fnNames":{}}}
,"C:\\Users\\eurotherm\\Downloads\\formation_Testeur_logiciel\\Projet_8\\Kasa\\src\\components\\Collapse.module.css": {"path":"C:\\Users\\eurotherm\\Downloads\\formation_Testeur_logiciel\\Projet_8\\Kasa\\src\\components\\Collapse.module.css","statementMap":{},"fnMap":{},"branchMap":{},"s":{},"f":{},"b":{},"meta":{"lastBranch":0,"lastFunction":0,"lastStatement":0,"seen":{},"fnNames":{}}}
,"C:\\Users\\eurotherm\\Downloads\\formation_Testeur_logiciel\\Projet_8\\Kasa\\src\\components\\Footer.jsx": {"path":"C:\\Users\\eurotherm\\Downloads\\formation_Testeur_logiciel\\Projet_8\\Kasa\\src\\components\\Footer.jsx","statementMap":{"0":{"start":{"line":4,"column":2},"end":{"line":11,"column":null}}},"fnMap":{"0":{"name":"Footer","decl":{"start":{"line":3,"column":9},"end":{"line":3,"column":18}},"loc":{"start":{"line":3,"column":18},"end":{"line":13,"column":null}},"line":3}},"branchMap":{},"s":{"0":2},"f":{"0":2},"b":{},"meta":{"lastBranch":0,"lastFunction":1,"lastStatement":1,"seen":{"f:3:9:3:18":0,"s:4:2:11:Infinity":0},"fnNames":{}}}
,"C:\\Users\\eurotherm\\Downloads\\formation_Testeur_logiciel\\Projet_8\\Kasa\\src\\components\\Footer.module.css": {"path":"C:\\Users\\eurotherm\\Downloads\\formation_Testeur_logiciel\\Projet_8\\Kasa\\src\\components\\Footer.module.css","statementMap":{},"fnMap":{},"branchMap":{},"s":{},"f":{},"b":{},"meta":{"lastBranch":0,"lastFunction":0,"lastStatement":0,"seen":{},"fnNames":{}}}
,"C:\\Users\\eurotherm\\Downloads\\formation_Testeur_logiciel\\Projet_8\\Kasa\\src\\components\\Header.jsx": {"path":"C:\\Users\\eurotherm\\Downloads\\formation_Testeur_logiciel\\Projet_8\\Kasa\\src\\components\\Header.jsx","statementMap":{"0":{"start":{"line":5,"column":2},"end":{"line":28,"column":null}},"1":{"start":{"line":17,"column":39},"end":{"line":17,"column":null}},"2":{"start":{"line":23,"column":39},"end":{"line":23,"column":null}}},"fnMap":{"0":{"name":"Header","decl":{"start":{"line":4,"column":9},"end":{"line":4,"column":18}},"loc":{"start":{"line":4,"column":18},"end":{"line":30,"column":null}},"line":4},"1":{"name":"(anonymous_1)","decl":{"start":{"line":17,"column":10},"end":{"line":17,"column":22}},"loc":{"start":{"line":17,"column":39},"end":{"line":17,"column":null}},"line":17},"2":{"name":"(anonymous_2)","decl":{"start":{"line":23,"column":10},"end":{"line":23,"column":22}},"loc":{"start":{"line":23,"column":39},"end":{"line":23,"column":null}},"line":23}},"branchMap":{"0":{"loc":{"start":{"line":17,"column":39},"end":{"line":17,"column":null}},"type":"cond-expr","locations":[{"start":{"line":17,"column":50},"end":{"line":17,"column":89}},{"start":{"line":17,"column":89},"end":{"line":17,"column":null}}],"line":17},"1":{"loc":{"start":{"line":23,"column":39},"end":{"line":23,"column":null}},"type":"cond-expr","locations":[{"start":{"line":23,"column":50},"end":{"line":23,"column":89}},{"start":{"line":23,"column":89},"end":{"line":23,"column":null}}],"line":23}},"s":{"0":4,"1":4,"2":4},"f":{"0":4,"1":4,"2":4},"b":{"0":[4,0],"1":[0,4]},"meta":{"lastBranch":2,"lastFunction":3,"lastStatement":3,"seen":{"f:4:9:4:18":0,"s:5:2:28:Infinity":0,"f:17:10:17:22":1,"s:17:39:17:Infinity":1,"b:17:50:17:89:17:89:17:Infinity":0,"f:23:10:23:22":2,"s:23:39:23:Infinity":2,"b:23:50:23:89:23:89:23:Infinity":1},"fnNames":{}}}
,"C:\\Users\\eurotherm\\Downloads\\formation_Testeur_logiciel\\Projet_8\\Kasa\\src\\components\\Header.module.css": {"path":"C:\\Users\\eurotherm\\Downloads\\formation_Testeur_logiciel\\Projet_8\\Kasa\\src\\components\\Header.module.css","statementMap":{},"fnMap":{},"branchMap":{},"s":{},"f":{},"b":{},"meta":{"lastBranch":0,"lastFunction":0,"lastStatement":0,"seen":{},"fnNames":{}}}
,"C:\\Users\\eurotherm\\Downloads\\formation_Testeur_logiciel\\Projet_8\\Kasa\\src\\components\\Slideshow.jsx": {"path":"C:\\Users\\eurotherm\\Downloads\\formation_Testeur_logiciel\\Projet_8\\Kasa\\src\\components\\Slideshow.jsx","statementMap":{"0":{"start":{"line":6,"column":23},"end":{"line":6,"column":null}},"1":{"start":{"line":9,"column":8},"end":{"line":15,"column":null}},"2":{"start":{"line":10,"column":4},"end":{"line":14,"column":null}},"3":{"start":{"line":11,"column":6},"end":{"line":11,"column":null}},"4":{"start":{"line":13,"column":6},"end":{"line":13,"column":null}},"5":{"start":{"line":18,"column":8},"end":{"line":24,"column":null}},"6":{"start":{"line":19,"column":4},"end":{"line":23,"column":null}},"7":{"start":{"line":20,"column":6},"end":{"line":20,"column":null}},"8":{"start":{"line":22,"column":6},"end":{"line":22,"column":null}},"9":{"start":{"line":26,"column":2},"end":{"line":40,"column":null}}},"fnMap":{"0":{"name":"Slideshow","decl":{"start":{"line":4,"column":9},"end":{"line":4,"column":19}},"loc":{"start":{"line":4,"column":33},"end":{"line":42,"column":null}},"line":4},"1":{"name":"(anonymous_1)","decl":{"start":{"line":9,"column":8},"end":{"line":9,"column":27}},"loc":{"start":{"line":9,"column":27},"end":{"line":15,"column":null}},"line":9},"2":{"name":"(anonymous_2)","decl":{"start":{"line":18,"column":8},"end":{"line":18,"column":27}},"loc":{"start":{"line":18,"column":27},"end":{"line":24,"column":null}},"line":18}},"branchMap":{"0":{"loc":{"start":{"line":10,"column":4},"end":{"line":14,"column":null}},"type":"if","locations":[{"start":{"line":10,"column":4},"end":{"line":14,"column":null}},{"start":{"line":12,"column":11},"end":{"line":14,"column":null}}],"line":10},"1":{"loc":{"start":{"line":19,"column":4},"end":{"line":23,"column":null}},"type":"if","locations":[{"start":{"line":19,"column":4},"end":{"line":23,"column":null}},{"start":{"line":21,"column":11},"end":{"line":23,"column":null}}],"line":19},"2":{"loc":{"start":{"line":32,"column":7},"end":{"line":40,"column":null}},"type":"binary-expr","locations":[{"start":{"line":32,"column":7},"end":{"line":32,"column":null}},{"start":{"line":33,"column":8},"end":{"line":40,"column":null}}],"line":32}},"s":{"0":14,"1":14,"2":1,"3":1,"4":0,"5":14,"6":4,"7":1,"8":3,"9":14},"f":{"0":14,"1":1,"2":4},"b":{"0":[1,0],"1":[1,3],"2":[14,13]},"meta":{"lastBranch":3,"lastFunction":3,"lastStatement":10,"seen":{"f:4:9:4:19":0,"s:6:23:6:Infinity":0,"s:9:8:15:Infinity":1,"f:9:8:9:27":1,"b:10:4:14:Infinity:12:11:14:Infinity":0,"s:10:4:14:Infinity":2,"s:11:6:11:Infinity":3,"s:13:6:13:Infinity":4,"s:18:8:24:Infinity":5,"f:18:8:18:27":2,"b:19:4:23:Infinity:21:11:23:Infinity":1,"s:19:4:23:Infinity":6,"s:20:6:20:Infinity":7,"s:22:6:22:Infinity":8,"s:26:2:40:Infinity":9,"b:32:7:32:Infinity:33:8:40:Infinity":2},"fnNames":{}}}
,"C:\\Users\\eurotherm\\Downloads\\formation_Testeur_logiciel\\Projet_8\\Kasa\\src\\components\\Slideshow.module.css": {"path":"C:\\Users\\eurotherm\\Downloads\\formation_Testeur_logiciel\\Projet_8\\Kasa\\src\\components\\Slideshow.module.css","statementMap":{},"fnMap":{},"branchMap":{},"s":{},"f":{},"b":{},"meta":{"lastBranch":0,"lastFunction":0,"lastStatement":0,"seen":{},"fnNames":{}}}
,"C:\\Users\\eurotherm\\Downloads\\formation_Testeur_logiciel\\Projet_8\\Kasa\\src\\pages\\About.jsx": {"path":"C:\\Users\\eurotherm\\Downloads\\formation_Testeur_logiciel\\Projet_8\\Kasa\\src\\pages\\About.jsx","statementMap":{"0":{"start":{"line":7,"column":2},"end":{"line":21,"column":null}}},"fnMap":{"0":{"name":"About","decl":{"start":{"line":6,"column":9},"end":{"line":6,"column":17}},"loc":{"start":{"line":6,"column":17},"end":{"line":23,"column":null}},"line":6}},"branchMap":{},"s":{"0":5},"f":{"0":5},"b":{},"meta":{"lastBranch":0,"lastFunction":1,"lastStatement":1,"seen":{"f:6:9:6:17":0,"s:7:2:21:Infinity":0},"fnNames":{}}}
,"C:\\Users\\eurotherm\\Downloads\\formation_Testeur_logiciel\\Projet_8\\Kasa\\src\\pages\\About.module.css": {"path":"C:\\Users\\eurotherm\\Downloads\\formation_Testeur_logiciel\\Projet_8\\Kasa\\src\\pages\\About.module.css","statementMap":{},"fnMap":{},"branchMap":{},"s":{},"f":{},"b":{},"meta":{"lastBranch":0,"lastFunction":0,"lastStatement":0,"seen":{},"fnNames":{}}}
,"C:\\Users\\eurotherm\\Downloads\\formation_Testeur_logiciel\\Projet_8\\Kasa\\src\\pages\\Error.jsx": {"path":"C:\\Users\\eurotherm\\Downloads\\formation_Testeur_logiciel\\Projet_8\\Kasa\\src\\pages\\Error.jsx","statementMap":{"0":{"start":{"line":5,"column":2},"end":{"line":15,"column":null}}},"fnMap":{"0":{"name":"Error","decl":{"start":{"line":4,"column":9},"end":{"line":4,"column":17}},"loc":{"start":{"line":4,"column":17},"end":{"line":17,"column":null}},"line":4}},"branchMap":{},"s":{"0":4},"f":{"0":4},"b":{},"meta":{"lastBranch":0,"lastFunction":1,"lastStatement":1,"seen":{"f:4:9:4:17":0,"s:5:2:15:Infinity":0},"fnNames":{}}}
,"C:\\Users\\eurotherm\\Downloads\\formation_Testeur_logiciel\\Projet_8\\Kasa\\src\\pages\\Error.module.css": {"path":"C:\\Users\\eurotherm\\Downloads\\formation_Testeur_logiciel\\Projet_8\\Kasa\\src\\pages\\Error.module.css","statementMap":{},"fnMap":{},"branchMap":{},"s":{},"f":{},"b":{},"meta":{"lastBranch":0,"lastFunction":0,"lastStatement":0,"seen":{},"fnNames":{}}}
,"C:\\Users\\eurotherm\\Downloads\\formation_Testeur_logiciel\\Projet_8\\Kasa\\src\\pages\\Home.jsx": {"path":"C:\\Users\\eurotherm\\Downloads\\formation_Testeur_logiciel\\Projet_8\\Kasa\\src\\pages\\Home.jsx","statementMap":{"0":{"start":{"line":9,"column":21},"end":{"line":9,"column":null}},"1":{"start":{"line":12,"column":2},"end":{"line":16,"column":null}},"2":{"start":{"line":13,"column":4},"end":{"line":15,"column":null}},"3":{"start":{"line":14,"column":24},"end":{"line":14,"column":39}},"4":{"start":{"line":15,"column":20},"end":{"line":15,"column":39}},"5":{"start":{"line":18,"column":2},"end":{"line":36,"column":null}},"6":{"start":{"line":28,"column":10},"end":{"line":33,"column":null}}},"fnMap":{"0":{"name":"Home","decl":{"start":{"line":7,"column":9},"end":{"line":7,"column":16}},"loc":{"start":{"line":7,"column":16},"end":{"line":38,"column":null}},"line":7},"1":{"name":"(anonymous_1)","decl":{"start":{"line":12,"column":2},"end":{"line":12,"column":18}},"loc":{"start":{"line":12,"column":18},"end":{"line":16,"column":5}},"line":12},"2":{"name":"(anonymous_2)","decl":{"start":{"line":14,"column":7},"end":{"line":14,"column":12}},"loc":{"start":{"line":14,"column":24},"end":{"line":14,"column":39}},"line":14},"3":{"name":"(anonymous_3)","decl":{"start":{"line":15,"column":7},"end":{"line":15,"column":12}},"loc":{"start":{"line":15,"column":20},"end":{"line":15,"column":39}},"line":15},"4":{"name":"(anonymous_4)","decl":{"start":{"line":27,"column":20},"end":{"line":27,"column":24}},"loc":{"start":{"line":28,"column":10},"end":{"line":33,"column":null}},"line":28}},"branchMap":{},"s":{"0":3,"1":3,"2":2,"3":2,"4":2,"5":3,"6":2},"f":{"0":3,"1":2,"2":2,"3":2,"4":2},"b":{},"meta":{"lastBranch":0,"lastFunction":5,"lastStatement":7,"seen":{"f:7:9:7:16":0,"s:9:21:9:Infinity":0,"s:12:2:16:Infinity":1,"f:12:2:12:18":1,"s:13:4:15:Infinity":2,"f:14:7:14:12":2,"s:14:24:14:39":3,"f:15:7:15:12":3,"s:15:20:15:39":4,"s:18:2:36:Infinity":5,"f:27:20:27:24":4,"s:28:10:33:Infinity":6},"fnNames":{}}}
,"C:\\Users\\eurotherm\\Downloads\\formation_Testeur_logiciel\\Projet_8\\Kasa\\src\\pages\\Home.module.css": {"path":"C:\\Users\\eurotherm\\Downloads\\formation_Testeur_logiciel\\Projet_8\\Kasa\\src\\pages\\Home.module.css","statementMap":{},"fnMap":{},"branchMap":{},"s":{},"f":{},"b":{},"meta":{"lastBranch":0,"lastFunction":0,"lastStatement":0,"seen":{},"fnNames":{}}}
,"C:\\Users\\eurotherm\\Downloads\\formation_Testeur_logiciel\\Projet_8\\Kasa\\src\\pages\\Property.jsx": {"path":"C:\\Users\\eurotherm\\Downloads\\formation_Testeur_logiciel\\Projet_8\\Kasa\\src\\pages\\Property.jsx","statementMap":{"0":{"start":{"line":9,"column":10},"end":{"line":9,"column":null}},"1":{"start":{"line":12,"column":8},"end":{"line":12,"column":null}},"2":{"start":{"line":15,"column":19},"end":{"line":15,"column":null}},"3":{"start":{"line":18,"column":2},"end":{"line":28,"column":null}},"4":{"start":{"line":19,"column":4},"end":{"line":27,"column":null}},"5":{"start":{"line":22,"column":8},"end":{"line":24,"column":null}},"6":{"start":{"line":23,"column":10},"end":{"line":23,"column":null}},"7":{"start":{"line":25,"column":8},"end":{"line":25,"column":null}},"8":{"start":{"line":27,"column":20},"end":{"line":27,"column":37}},"9":{"start":{"line":31,"column":2},"end":{"line":31,"column":null}},"10":{"start":{"line":31,"column":17},"end":{"line":31,"column":null}},"11":{"start":{"line":33,"column":2},"end":{"line":76,"column":null}},"12":{"start":{"line":50,"column":14},"end":{"line":50,"column":null}},"13":{"start":{"line":59,"column":14},"end":{"line":59,"column":null}}},"fnMap":{"0":{"name":"Property","decl":{"start":{"line":7,"column":9},"end":{"line":7,"column":20}},"loc":{"start":{"line":7,"column":20},"end":{"line":78,"column":null}},"line":7},"1":{"name":"(anonymous_1)","decl":{"start":{"line":18,"column":2},"end":{"line":18,"column":18}},"loc":{"start":{"line":18,"column":18},"end":{"line":28,"column":5}},"line":18},"2":{"name":"(anonymous_2)","decl":{"start":{"line":20,"column":7},"end":{"line":20,"column":12}},"loc":{"start":{"line":20,"column":24},"end":{"line":26,"column":7}},"line":20},"3":{"name":"(anonymous_3)","decl":{"start":{"line":27,"column":7},"end":{"line":27,"column":12}},"loc":{"start":{"line":27,"column":20},"end":{"line":27,"column":37}},"line":27},"4":{"name":"(anonymous_4)","decl":{"start":{"line":49,"column":27},"end":{"line":49,"column":32}},"loc":{"start":{"line":50,"column":14},"end":{"line":50,"column":null}},"line":50},"5":{"name":"(anonymous_5)","decl":{"start":{"line":58,"column":29},"end":{"line":58,"column":33}},"loc":{"start":{"line":59,"column":14},"end":{"line":59,"column":null}},"line":59}},"branchMap":{"0":{"loc":{"start":{"line":22,"column":8},"end":{"line":24,"column":null}},"type":"if","locations":[{"start":{"line":22,"column":8},"end":{"line":24,"column":null}},{"start":{},"end":{}}],"line":22},"1":{"loc":{"start":{"line":31,"column":2},"end":{"line":31,"column":null}},"type":"if","locations":[{"start":{"line":31,"column":2},"end":{"line":31,"column":null}},{"start":{},"end":{}}],"line":31},"2":{"loc":{"start":{"line":59,"column":42},"end":{"line":59,"column":109}},"type":"cond-expr","locations":[{"start":{"line":59,"column":68},"end":{"line":59,"column":88}},{"start":{"line":59,"column":88},"end":{"line":59,"column":109}}],"line":59}},"s":{"0":7,"1":7,"2":7,"3":7,"4":4,"5":4,"6":0,"7":4,"8":4,"9":7,"10":4,"11":3,"12":6,"13":15},"f":{"0":7,"1":4,"2":4,"3":4,"4":6,"5":15},"b":{"0":[0,4],"1":[4,3],"2":[12,3]},"meta":{"lastBranch":3,"lastFunction":6,"lastStatement":14,"seen":{"f:7:9:7:20":0,"s:9:10:9:Infinity":0,"s:12:8:12:Infinity":1,"s:15:19:15:Infinity":2,"s:18:2:28:Infinity":3,"f:18:2:18:18":1,"s:19:4:27:Infinity":4,"f:20:7:20:12":2,"b:22:8:24:Infinity:undefined:undefined:undefined:undefined":0,"s:22:8:24:Infinity":5,"s:23:10:23:Infinity":6,"s:25:8:25:Infinity":7,"f:27:7:27:12":3,"s:27:20:27:37":8,"b:31:2:31:Infinity:undefined:undefined:undefined:undefined":1,"s:31:2:31:Infinity":9,"s:31:17:31:Infinity":10,"s:33:2:76:Infinity":11,"f:49:27:49:32":4,"s:50:14:50:Infinity":12,"f:58:29:58:33":5,"s:59:14:59:Infinity":13,"b:59:68:59:88:59:88:59:109":2},"fnNames":{}}}
,"C:\\Users\\eurotherm\\Downloads\\formation_Testeur_logiciel\\Projet_8\\Kasa\\src\\pages\\Property.module.css": {"path":"C:\\Users\\eurotherm\\Downloads\\formation_Testeur_logiciel\\Projet_8\\Kasa\\src\\pages\\Property.module.css","statementMap":{},"fnMap":{},"branchMap":{},"s":{},"f":{},"b":{},"meta":{"lastBranch":0,"lastFunction":0,"lastStatement":0,"seen":{},"fnNames":{}}}
}
