{"C:\\Users\\eurotherm\\Downloads\\formation_Testeur_logiciel\\Projet_8\\Kasa\\src\\components\\Card.jsx": {"path":"C:\\Users\\eurotherm\\Downloads\\formation_Testeur_logiciel\\Projet_8\\Kasa\\src\\components\\Card.jsx","statementMap":{"0":{"start":{"line":5,"column":2},"end":{"line":14,"column":null}}},"fnMap":{"0":{"name":"Card","decl":{"start":{"line":4,"column":9},"end":{"line":4,"column":14}},"loc":{"start":{"line":4,"column":36},"end":{"line":16,"column":null}},"line":4}},"branchMap":{},"s":{"0":4},"f":{"0":4},"b":{},"meta":{"lastBranch":0,"lastFunction":1,"lastStatement":1,"seen":{"f:4:9:4:14":0,"s:5:2:14:Infinity":0},"fnNames":{}}}
,"C:\\Users\\eurotherm\\Downloads\\formation_Testeur_logiciel\\Projet_8\\Kasa\\src\\components\\Card.module.css": {"path":"C:\\Users\\eurotherm\\Downloads\\formation_Testeur_logiciel\\Projet_8\\Kasa\\src\\components\\Card.module.css","statementMap":{},"fnMap":{},"branchMap":{},"s":{},"f":{},"b":{},"meta":{"lastBranch":0,"lastFunction":0,"lastStatement":0,"seen":{},"fnNames":{}}}
,"C:\\Users\\eurotherm\\Downloads\\formation_Testeur_logiciel\\Projet_8\\Kasa\\src\\components\\Collapse.jsx": {"path":"C:\\Users\\eurotherm\\Downloads\\formation_Testeur_logiciel\\Projet_8\\Kasa\\src\\components\\Collapse.jsx","statementMap":{"0":{"start":{"line":6,"column":17},"end":{"line":6,"column":null}},"1":{"start":{"line":8,"column":2},"end":{"line":19,"column":null}},"2":{"start":{"line":11,"column":55},"end":{"line":11,"column":null}}},"fnMap":{"0":{"name":"Collapse","decl":{"start":{"line":4,"column":9},"end":{"line":4,"column":18}},"loc":{"start":{"line":4,"column":38},"end":{"line":21,"column":null}},"line":4},"1":{"name":"(anonymous_1)","decl":{"start":{"line":11,"column":40},"end":{"line":11,"column":55}},"loc":{"start":{"line":11,"column":55},"end":{"line":11,"column":null}},"line":11}},"branchMap":{"0":{"loc":{"start":{"line":14,"column":40},"end":{"line":14,"column":65}},"type":"cond-expr","locations":[{"start":{"line":14,"column":49},"end":{"line":14,"column":55}},{"start":{"line":14,"column":55},"end":{"line":14,"column":65}}],"line":14},"1":{"loc":{"start":{"line":18,"column":7},"end":{"line":19,"column":null}},"type":"binary-expr","locations":[{"start":{"line":18,"column":7},"end":{"line":18,"column":17}},{"start":{"line":18,"column":17},"end":{"line":19,"column":null}}],"line":18}},"s":{"0":7,"1":7,"2":3},"f":{"0":7,"1":3},"b":{"0":[2,5],"1":[7,2]},"meta":{"lastBranch":2,"lastFunction":2,"lastStatement":3,"seen":{"f:4:9:4:18":0,"s:6:17:6:Infinity":0,"s:8:2:19:Infinity":1,"f:11:40:11:55":1,"s:11:55:11:Infinity":2,"b:14:49:14:55:14:55:14:65":0,"b:18:7:18:17:18:17:19:Infinity":1},"fnNames":{}}}
,"C:\\Users\\eurotherm\\Downloads\\formation_Testeur_logiciel\\Projet_8\\Kasa\\src\\components\\Collapse.module.css": {"path":"C:\\Users\\eurotherm\\Downloads\\formation_Testeur_logiciel\\Projet_8\\Kasa\\src\\components\\Collapse.module.css","statementMap":{},"fnMap":{},"branchMap":{},"s":{},"f":{},"b":{},"meta":{"lastBranch":0,"lastFunction":0,"lastStatement":0,"seen":{},"fnNames":{}}}
}
